[INFO ] 2018-12-12 23:06:35 [restartedMain] com.zy.runProject - Starting runProject on zy-PC with PID 11192 (F:\F\JavaSpace\bookSystem\target\classes started by zy in F:\F\JavaSpace\bookSystem)
[INFO ] 2018-12-12 23:06:35 [restartedMain] com.zy.runProject - No active profile set, falling back to default profiles: default
[INFO ] 2018-12-12 23:06:35 [restartedMain] o.s.b.w.s.c.AnnotationConfigServletWebServerApplicationContext - Refreshing org.springframework.boot.web.servlet.context.AnnotationConfigServletWebServerApplicationContext@396977a1: startup date [Wed Dec 12 23:06:35 CST 2018]; root of context hierarchy
[INFO ] 2018-12-12 23:06:35 [restartedMain] o.s.b.w.e.tomcat.TomcatWebServer - Tomcat initialized with port(s): 8080 (http)
[INFO ] 2018-12-12 23:06:35 [restartedMain] o.a.coyote.http11.Http11NioProtocol - Initializing ProtocolHandler ["http-nio-8080"]
[INFO ] 2018-12-12 23:06:35 [restartedMain] o.a.catalina.core.StandardService - Starting service [Tomcat]
[INFO ] 2018-12-12 23:06:35 [restartedMain] o.a.catalina.core.StandardEngine - Starting Servlet Engine: Apache Tomcat/8.5.31
[INFO ] 2018-12-12 23:06:35 [localhost-startStop-1] o.a.c.core.AprLifecycleListener - The APR based Apache Tomcat Native library which allows optimal performance in production environments was not found on the java.library.path: [C:\Program Files\Java\jdk1.8.0_161\bin;C:\Windows\Sun\Java\bin;C:\Windows\system32;C:\Windows;C:/Program Files/Java/jre1.8.0_161/bin/server;C:/Program Files/Java/jre1.8.0_161/bin;C:/Program Files/Java/jre1.8.0_161/lib/amd64;C:\ProgramData\Oracle\Java\javapath;C:\Windows\system32;C:\Windows;C:\Windows\System32\Wbem;C:\Windows\System32\WindowsPowerShell\v1.0\;C:\Program Files (x86)\Intel\OpenCL SDK\3.0\bin\x86;C:\Program Files (x86)\Intel\OpenCL SDK\3.0\bin\x64;C:\Program Files\Java\jdk1.8.0_161\bin;C:\Program Files\Java\jdk1.8.0_161\jre\bin;E:\tomcat 8.5\lib;E:\tomcat 8.5\bin;E:\maven\apache-maven-3.5.4\bin;C:\Program Files\MySQL\MySQL Server 5.5\bin;D:\sts-bundle\sts-3.9.0.RELEASE;;.]
[INFO ] 2018-12-12 23:06:35 [localhost-startStop-1] o.a.c.c.C.[Tomcat].[localhost].[/] - Initializing Spring embedded WebApplicationContext
[INFO ] 2018-12-12 23:06:35 [localhost-startStop-1] o.s.web.context.ContextLoader - Root WebApplicationContext: initialization completed in 2734 ms
[INFO ] 2018-12-12 23:06:35 [localhost-startStop-1] o.s.b.w.s.ServletRegistrationBean - Servlet dispatcherServlet mapped to [/]
[INFO ] 2018-12-12 23:06:35 [localhost-startStop-1] o.s.b.w.s.FilterRegistrationBean - Mapping filter: 'characterEncodingFilter' to: [/*]
[INFO ] 2018-12-12 23:06:35 [localhost-startStop-1] o.s.b.w.s.FilterRegistrationBean - Mapping filter: 'hiddenHttpMethodFilter' to: [/*]
[INFO ] 2018-12-12 23:06:35 [localhost-startStop-1] o.s.b.w.s.FilterRegistrationBean - Mapping filter: 'httpPutFormContentFilter' to: [/*]
[INFO ] 2018-12-12 23:06:35 [localhost-startStop-1] o.s.b.w.s.FilterRegistrationBean - Mapping filter: 'requestContextFilter' to: [/*]
[INFO ] 2018-12-12 23:06:35 [restartedMain] o.s.w.s.h.SimpleUrlHandlerMapping - Mapped URL path [/**/favicon.ico] onto handler of type [class org.springframework.web.servlet.resource.ResourceHttpRequestHandler]
[INFO ] 2018-12-12 23:06:35 [restartedMain] o.s.w.s.m.m.a.RequestMappingHandlerAdapter - Looking for @ControllerAdvice: org.springframework.boot.web.servlet.context.AnnotationConfigServletWebServerApplicationContext@396977a1: startup date [Wed Dec 12 23:06:35 CST 2018]; root of context hierarchy
[INFO ] 2018-12-12 23:06:35 [restartedMain] o.s.w.s.m.m.a.RequestMappingHandlerMapping - Mapped "{[/user/getUser]}" onto public com.zy.pojo.User com.zy.controller.UserController.getUser(java.lang.String,java.lang.Integer)
[INFO ] 2018-12-12 23:06:35 [restartedMain] o.s.w.s.m.m.a.RequestMappingHandlerMapping - Mapped "{[/error]}" onto public org.springframework.http.ResponseEntity<java.util.Map<java.lang.String, java.lang.Object>> org.springframework.boot.autoconfigure.web.servlet.error.BasicErrorController.error(javax.servlet.http.HttpServletRequest)
[INFO ] 2018-12-12 23:06:35 [restartedMain] o.s.w.s.m.m.a.RequestMappingHandlerMapping - Mapped "{[/error],produces=[text/html]}" onto public org.springframework.web.servlet.ModelAndView org.springframework.boot.autoconfigure.web.servlet.error.BasicErrorController.errorHtml(javax.servlet.http.HttpServletRequest,javax.servlet.http.HttpServletResponse)
[INFO ] 2018-12-12 23:06:35 [restartedMain] o.s.w.s.h.SimpleUrlHandlerMapping - Mapped URL path [/webjars/**] onto handler of type [class org.springframework.web.servlet.resource.ResourceHttpRequestHandler]
[INFO ] 2018-12-12 23:06:35 [restartedMain] o.s.w.s.h.SimpleUrlHandlerMapping - Mapped URL path [/**] onto handler of type [class org.springframework.web.servlet.resource.ResourceHttpRequestHandler]
[INFO ] 2018-12-12 23:06:35 [restartedMain] o.s.b.d.a.OptionalLiveReloadServer - LiveReload server is running on port 35729
[INFO ] 2018-12-12 23:06:35 [restartedMain] o.s.j.e.a.AnnotationMBeanExporter - Registering beans for JMX exposure on startup
[INFO ] 2018-12-12 23:06:35 [restartedMain] o.a.coyote.http11.Http11NioProtocol - Starting ProtocolHandler ["http-nio-8080"]
[INFO ] 2018-12-12 23:06:35 [restartedMain] o.a.tomcat.util.net.NioSelectorPool - Using a shared selector for servlet write/read
[INFO ] 2018-12-12 23:06:35 [restartedMain] o.s.b.w.e.tomcat.TomcatWebServer - Tomcat started on port(s): 8080 (http) with context path ''
[INFO ] 2018-12-12 23:06:35 [restartedMain] com.zy.runProject - Started runProject in 5.01 seconds (JVM running for 6.132)
